ccopy_reg
_reconstructor
p0
(ckeras.models
Sequential
p1
c__builtin__
object
p2
Ntp3
Rp4
(dp5
S'outbound_nodes'
p6
(lp7
sS'container_nodes'
p8
c__builtin__
set
p9
((lp10
S'dense_1_input_ib-0'
p11
aS'dense_2_ib-0'
p12
aS'dense_3_ib-0'
p13
aS'dense_1_ib-0'
p14
atp15
Rp16
sS'supports_masking'
p17
I00
sS'_feed_input_names'
p18
(lp19
S'dense_1_input'
p20
asS'inbound_nodes'
p21
(lp22
g0
(ckeras.engine.topology
Node
p23
g2
Ntp24
Rp25
(dp26
S'outbound_layer'
p27
g4
sS'output_tensors'
p28
(lp29
g0
(ccntk.ops.functions
Function
p30
g2
Ntp31
Rp32
(dp33
S'this'
p34
