ccopy_reg
_reconstructor
p0
(csklearn.linear_model.bayes
BayesianRidge
p1
c__builtin__
object
p2
Ntp3
Rp4
(dp5
S'normalize'
p6
I00
sS'n_iter'
p7
I300
sS'verbose'
p8
I00
sS'lambda_2'
p9
F1e-06
sS'fit_intercept'
p10
I01
sS'scores_'
p11
(lp12
sS'alpha_'
p13
cnumpy.core.multiarray
scalar
p14
(cnumpy
dtype
p15
(S'f8'
p16
I0
I1
tp17
Rp18
(I3
S'<'
p19
NNNI-1
I-1
I0
tp20
bS'\n\x85-\xad<\x11\xa0?'
p21
tp22
Rp23
sS'compute_score'
p24
I00
sS'lambda_'
p25
g14
(g18
S'\x1a8v/lk\xc2?'
p26
tp27
Rp28
sS'alpha_2'
p29
F1e-06
sS'tol'
p30
F0.001
sS'alpha_1'
p31
F1e-06
sS'copy_X'
p32
I01
sS'_sklearn_version'
p33
S'0.18.2'
p34
sS'coef_'
p35
cnumpy.core.multiarray
_reconstruct
p36
(cnumpy
ndarray
p37
(I0
tp38
S'b'
p39
tp40
Rp41
(I1
(I11
tp42
g18
I00
S'\xc6\xd0\xac\xa8\xfbJ\xce\xbf\xe4\xe6\x1e\x19\x80X\xa5?@\xc7\xce\xc0\xbb\xab\xc0\xbf\xae\xa8\x87%\xe5\xe6\x0b@pI\x85z.n\x10\xc07\x9d\xfb\xff\xfdD\x18@\xd6\t\xfbe.4\xb2\xbf\x982\xa0\x83YQ\xf8\xbfP\xc7\xbf\x91\x1f\xf3\xd1?p\xe4D\xde{\xe0\x8a\xbf\xb6S\xaf\x1a\x10\xda\xe8\xbf'
p43
tp44
bsS'intercept_'
p45
g14
(g18
S' \x12\xce\x90\x90#0@'
p46
tp47
Rp48
sS'lambda_1'
p49
F1e-06
sb.